# JRE version: Java(TM) SE Runtime Environment (8.0_201-b09) (build 1.8.0_201-b09)
# Java VM: Java HotSpot(TM) 64-Bit Server VM (25.201-b09 mixed mode bsd-amd64 compressed oops)
Heap:
 PSYoungGen      total 253952K, used 10339K [0x000000078ab00000, 0x000000079c900000, 0x00000007c0000000)
  eden space 239616K, 0% used [0x000000078ab00000,0x000000078ab00000,0x0000000799500000)
  from space 14336K, 72% used [0x000000079a380000,0x000000079ad98d80,0x000000079b180000)
  to   space 14848K, 0% used [0x0000000799500000,0x0000000799500000,0x000000079a380000)
 ParOldGen       total 58880K, used 14432K [0x0000000720000000, 0x0000000723980000, 0x000000078ab00000)
  object space 58880K, 24% used [0x0000000720000000,0x0000000720e18368,0x0000000723980000)
 Metaspace       used 34075K, capacity 35302K, committed 35456K, reserved 1079296K
  class space    used 4645K, capacity 4930K, committed 4992K, reserved 1048576K
GC Heap History (10 events):
Event: 4.109 GC heap after
Heap after GC invocations=5 (full 1):
 PSYoungGen      total 88576K, used 0K [0x000000078ab00000, 0x0000000790800000, 0x00000007c0000000)
  eden space 81920K, 0% used [0x000000078ab00000,0x000000078ab00000,0x000000078fb00000)
  from space 6656K, 0% used [0x0000000790180000,0x0000000790180000,0x0000000790800000)
  to   space 6656K, 0% used [0x000000078fb00000,0x000000078fb00000,0x0000000790180000)
 ParOldGen       total 58880K, used 6416K [0x0000000720000000, 0x0000000723980000, 0x000000078ab00000)
  object space 58880K, 10% used [0x0000000720000000,0x0000000720644330,0x0000000723980000)
 Metaspace       used 20611K, capacity 21188K, committed 21296K, reserved 1067008K
  class space    used 2704K, capacity 2881K, committed 2944K, reserved 1048576K
}
Event: 4.600 GC heap before
{Heap before GC invocations=6 (full 1):
 PSYoungGen      total 88576K, used 81920K [0x000000078ab00000, 0x0000000790800000, 0x00000007c0000000)
  eden space 81920K, 100% used [0x000000078ab00000,0x000000078fb00000,0x000000078fb00000)
  from space 6656K, 0% used [0x0000000790180000,0x0000000790180000,0x0000000790800000)
  to   space 6656K, 0% used [0x000000078fb00000,0x000000078fb00000,0x0000000790180000)
 ParOldGen       total 58880K, used 6416K [0x0000000720000000, 0x0000000723980000, 0x000000078ab00000)
  object space 58880K, 10% used [0x0000000720000000,0x0000000720644330,0x0000000723980000)
 Metaspace       used 22993K, capacity 23774K, committed 24064K, reserved 1071104K
  class space    used 3024K, capacity 3244K, committed 3328K, reserved 1048576K
Event: 4.607 GC heap after
Heap after GC invocations=6 (full 1):
 PSYoungGen      total 88576K, used 5130K [0x000000078ab00000, 0x0000000794600000, 0x00000007c0000000)
  eden space 81920K, 0% used [0x000000078ab00000,0x000000078ab00000,0x000000078fb00000)
  from space 6656K, 77% used [0x000000078fb00000,0x0000000790002940,0x0000000790180000)
  to   space 8192K, 0% used [0x0000000793e00000,0x0000000793e00000,0x0000000794600000)
 ParOldGen       total 58880K, used 6424K [0x0000000720000000, 0x0000000723980000, 0x000000078ab00000)
  object space 58880K, 10% used [0x0000000720000000,0x0000000720646330,0x0000000723980000)
 Metaspace       used 22993K, capacity 23774K, committed 24064K, reserved 1071104K
  class space    used 3024K, capacity 3244K, committed 3328K, reserved 1048576K
}
Event: 5.403 GC heap before
{Heap before GC invocations=7 (full 1):
 PSYoungGen      total 88576K, used 87050K [0x000000078ab00000, 0x0000000794600000, 0x00000007c0000000)
  eden space 81920K, 100% used [0x000000078ab00000,0x000000078fb00000,0x000000078fb00000)
  from space 6656K, 77% used [0x000000078fb00000,0x0000000790002940,0x0000000790180000)
  to   space 8192K, 0% used [0x0000000793e00000,0x0000000793e00000,0x0000000794600000)
 ParOldGen       total 58880K, used 6424K [0x0000000720000000, 0x0000000723980000, 0x000000078ab00000)
  object space 58880K, 10% used [0x0000000720000000,0x0000000720646330,0x0000000723980000)
 Metaspace       used 26491K, capacity 27412K, committed 27648K, reserved 1073152K
  class space    used 3519K, capacity 3739K, committed 3840K, reserved 1048576K
Event: 5.414 GC heap after
Heap after GC invocations=7 (full 1):
 PSYoungGen      total 148480K, used 8162K [0x000000078ab00000, 0x0000000794700000, 0x00000007c0000000)
  eden space 140288K, 0% used [0x000000078ab00000,0x000000078ab00000,0x0000000793400000)
  from space 8192K, 99% used [0x0000000793e00000,0x00000007945f89a8,0x0000000794600000)
  to   space 9728K, 0% used [0x0000000793400000,0x0000000793400000,0x0000000793d80000)
 ParOldGen       total 58880K, used 6879K [0x0000000720000000, 0x0000000723980000, 0x000000078ab00000)
  object space 58880K, 11% used [0x0000000720000000,0x00000007206b7f30,0x0000000723980000)
 Metaspace       used 26491K, capacity 27412K, committed 27648K, reserved 1073152K
  class space    used 3519K, capacity 3739K, committed 3840K, reserved 1048576K
}
Event: 6.722 GC heap before
{Heap before GC invocations=8 (full 1):
 PSYoungGen      total 148480K, used 148450K [0x000000078ab00000, 0x0000000794700000, 0x00000007c0000000)
  eden space 140288K, 100% used [0x000000078ab00000,0x0000000793400000,0x0000000793400000)
  from space 8192K, 99% used [0x0000000793e00000,0x00000007945f89a8,0x0000000794600000)
  to   space 9728K, 0% used [0x0000000793400000,0x0000000793400000,0x0000000793d80000)
 ParOldGen       total 58880K, used 6879K [0x0000000720000000, 0x0000000723980000, 0x000000078ab00000)
  object space 58880K, 11% used [0x0000000720000000,0x00000007206b7f30,0x0000000723980000)
 Metaspace       used 33449K, capacity 34726K, committed 35072K, reserved 1079296K
  class space    used 4533K, capacity 4802K, committed 4864K, reserved 1048576K
Event: 6.750 GC heap after
Heap after GC invocations=8 (full 1):
 PSYoungGen      total 150016K, used 9713K [0x000000078ab00000, 0x000000079b180000, 0x00000007c0000000)
  eden space 140288K, 0% used [0x000000078ab00000,0x000000078ab00000,0x0000000793400000)
  from space 9728K, 99% used [0x0000000793400000,0x0000000793d7c628,0x0000000793d80000)
  to   space 14336K, 0% used [0x000000079a380000,0x000000079a380000,0x000000079b180000)
 ParOldGen       total 58880K, used 14360K [0x0000000720000000, 0x0000000723980000, 0x000000078ab00000)
  object space 58880K, 24% used [0x0000000720000000,0x0000000720e06358,0x0000000723980000)
 Metaspace       used 33449K, capacity 34726K, committed 35072K, reserved 1079296K
  class space    used 4533K, capacity 4802K, committed 4864K, reserved 1048576K
}
Event: 6.850 GC heap before
{Heap before GC invocations=9 (full 1):
 PSYoungGen      total 150016K, used 22490K [0x000000078ab00000, 0x000000079b180000, 0x00000007c0000000)
  eden space 140288K, 9% used [0x000000078ab00000,0x000000078b77a2d0,0x0000000793400000)
  from space 9728K, 99% used [0x0000000793400000,0x0000000793d7c628,0x0000000793d80000)
  to   space 14336K, 0% used [0x000000079a380000,0x000000079a380000,0x000000079b180000)
 ParOldGen       total 58880K, used 14360K [0x0000000720000000, 0x0000000723980000, 0x000000078ab00000)
  object space 58880K, 24% used [0x0000000720000000,0x0000000720e06358,0x0000000723980000)
 Metaspace       used 34075K, capacity 35302K, committed 35456K, reserved 1079296K
  class space    used 4645K, capacity 4930K, committed 4992K, reserved 1048576K
Event: 6.871 GC heap after
Heap after GC invocations=9 (full 1):
 PSYoungGen      total 253952K, used 10339K [0x000000078ab00000, 0x000000079c900000, 0x00000007c0000000)
  eden space 239616K, 0% used [0x000000078ab00000,0x000000078ab00000,0x0000000799500000)
  from space 14336K, 72% used [0x000000079a380000,0x000000079ad98d80,0x000000079b180000)
  to   space 14848K, 0% used [0x0000000799500000,0x0000000799500000,0x000000079a380000)
 ParOldGen       total 58880K, used 14432K [0x0000000720000000, 0x0000000723980000, 0x000000078ab00000)
  object space 58880K, 24% used [0x0000000720000000,0x0000000720e18368,0x0000000723980000)
 Metaspace       used 34075K, capacity 35302K, committed 35456K, reserved 1079296K
  class space    used 4645K, capacity 4930K, committed 4992K, reserved 1048576K
}
Event: 6.871 GC heap before
{Heap before GC invocations=10 (full 2):
 PSYoungGen      total 253952K, used 10339K [0x000000078ab00000, 0x000000079c900000, 0x00000007c0000000)
  eden space 239616K, 0% used [0x000000078ab00000,0x000000078ab00000,0x0000000799500000)
  from space 14336K, 72% used [0x000000079a380000,0x000000079ad98d80,0x000000079b180000)
  to   space 14848K, 0% used [0x0000000799500000,0x0000000799500000,0x000000079a380000)
 ParOldGen       total 58880K, used 14432K [0x0000000720000000, 0x0000000723980000, 0x000000078ab00000)
  object space 58880K, 24% used [0x0000000720000000,0x0000000720e18368,0x0000000723980000)
 Metaspace       used 34075K, capacity 35302K, committed 35456K, reserved 1079296K
  class space    used 4645K, capacity 4930K, committed 4992K, reserved 1048576K

