# JRE version: Java(TM) SE Runtime Environment (8.0_201-b09) (build 1.8.0_201-b09)
# Java VM: Java HotSpot(TM) 64-Bit Server VM (25.201-b09 mixed mode bsd-amd64 compressed oops)
Heap:
 PSYoungGen      total 227328K, used 66679K [0x000000078ab00000, 0x000000079ac00000, 0x00000007c0000000)
  eden space 212480K, 31% used [0x000000078ab00000,0x000000078ec1dfb8,0x0000000797a80000)
  from space 14848K, 0% used [0x0000000798980000,0x0000000798980000,0x0000000799800000)
  to   space 15360K, 0% used [0x0000000797a80000,0x0000000797a80000,0x0000000798980000)
 ParOldGen       total 92160K, used 18030K [0x0000000720000000, 0x0000000725a00000, 0x000000078ab00000)
  object space 92160K, 19% used [0x0000000720000000,0x000000072119ba58,0x0000000725a00000)
 Metaspace       used 38704K, capacity 40032K, committed 40576K, reserved 1083392K
  class space    used 5351K, capacity 5655K, committed 5760K, reserved 1048576K
GC Heap History (10 events):
Event: 3.408 GC heap before
{Heap before GC invocations=6 (full 1):
 PSYoungGen      total 88576K, used 81920K [0x000000078ab00000, 0x0000000790800000, 0x00000007c0000000)
  eden space 81920K, 100% used [0x000000078ab00000,0x000000078fb00000,0x000000078fb00000)
  from space 6656K, 0% used [0x0000000790180000,0x0000000790180000,0x0000000790800000)
  to   space 6656K, 0% used [0x000000078fb00000,0x000000078fb00000,0x0000000790180000)
 ParOldGen       total 60416K, used 5141K [0x0000000720000000, 0x0000000723b00000, 0x000000078ab00000)
  object space 60416K, 8% used [0x0000000720000000,0x0000000720505680,0x0000000723b00000)
 Metaspace       used 22553K, capacity 23322K, committed 23552K, reserved 1069056K
  class space    used 3026K, capacity 3244K, committed 3328K, reserved 1048576K
Event: 3.418 GC heap after
Heap after GC invocations=6 (full 1):
 PSYoungGen      total 88576K, used 5174K [0x000000078ab00000, 0x0000000794180000, 0x00000007c0000000)
  eden space 81920K, 0% used [0x000000078ab00000,0x000000078ab00000,0x000000078fb00000)
  from space 6656K, 77% used [0x000000078fb00000,0x000000079000d9d0,0x0000000790180000)
  to   space 9216K, 0% used [0x0000000793880000,0x0000000793880000,0x0000000794180000)
 ParOldGen       total 60416K, used 5213K [0x0000000720000000, 0x0000000723b00000, 0x000000078ab00000)
  object space 60416K, 8% used [0x0000000720000000,0x0000000720517690,0x0000000723b00000)
 Metaspace       used 22553K, capacity 23322K, committed 23552K, reserved 1069056K
  class space    used 3026K, capacity 3244K, committed 3328K, reserved 1048576K
}
Event: 4.200 GC heap before
{Heap before GC invocations=7 (full 1):
 PSYoungGen      total 88576K, used 87094K [0x000000078ab00000, 0x0000000794180000, 0x00000007c0000000)
  eden space 81920K, 100% used [0x000000078ab00000,0x000000078fb00000,0x000000078fb00000)
  from space 6656K, 77% used [0x000000078fb00000,0x000000079000d9d0,0x0000000790180000)
  to   space 9216K, 0% used [0x0000000793880000,0x0000000793880000,0x0000000794180000)
 ParOldGen       total 60416K, used 5213K [0x0000000720000000, 0x0000000723b00000, 0x000000078ab00000)
  object space 60416K, 8% used [0x0000000720000000,0x0000000720517690,0x0000000723b00000)
 Metaspace       used 26048K, capacity 27006K, committed 27136K, reserved 1073152K
  class space    used 3529K, capacity 3774K, committed 3840K, reserved 1048576K
Event: 4.214 GC heap after
Heap after GC invocations=7 (full 1):
 PSYoungGen      total 141312K, used 8679K [0x000000078ab00000, 0x0000000794100000, 0x00000007c0000000)
  eden space 132608K, 0% used [0x000000078ab00000,0x000000078ab00000,0x0000000792c80000)
  from space 8704K, 99% used [0x0000000793880000,0x00000007940f9d38,0x0000000794100000)
  to   space 10240K, 0% used [0x0000000792d00000,0x0000000792d00000,0x0000000793700000)
 ParOldGen       total 60416K, used 5221K [0x0000000720000000, 0x0000000723b00000, 0x000000078ab00000)
  object space 60416K, 8% used [0x0000000720000000,0x0000000720519690,0x0000000723b00000)
 Metaspace       used 26048K, capacity 27006K, committed 27136K, reserved 1073152K
  class space    used 3529K, capacity 3774K, committed 3840K, reserved 1048576K
}
Event: 4.953 GC heap before
{Heap before GC invocations=8 (full 1):
 PSYoungGen      total 141312K, used 141287K [0x000000078ab00000, 0x0000000794100000, 0x00000007c0000000)
  eden space 132608K, 100% used [0x000000078ab00000,0x0000000792c80000,0x0000000792c80000)
  from space 8704K, 99% used [0x0000000793880000,0x00000007940f9d38,0x0000000794100000)
  to   space 10240K, 0% used [0x0000000792d00000,0x0000000792d00000,0x0000000793700000)
 ParOldGen       total 60416K, used 5221K [0x0000000720000000, 0x0000000723b00000, 0x000000078ab00000)
  object space 60416K, 8% used [0x0000000720000000,0x0000000720519690,0x0000000723b00000)
 Metaspace       used 33118K, capacity 34394K, committed 34688K, reserved 1079296K
  class space    used 4583K, capacity 4866K, committed 4992K, reserved 1048576K
Event: 4.976 GC heap after
Heap after GC invocations=8 (full 1):
 PSYoungGen      total 143360K, used 10217K [0x000000078ab00000, 0x0000000799800000, 0x00000007c0000000)
  eden space 133120K, 0% used [0x000000078ab00000,0x000000078ab00000,0x0000000792d00000)
  from space 10240K, 99% used [0x0000000792d00000,0x00000007936fa5b8,0x0000000793700000)
  to   space 14848K, 0% used [0x0000000798980000,0x0000000798980000,0x0000000799800000)
 ParOldGen       total 60416K, used 12291K [0x0000000720000000, 0x0000000723b00000, 0x000000078ab00000)
  object space 60416K, 20% used [0x0000000720000000,0x0000000720c00e08,0x0000000723b00000)
 Metaspace       used 33118K, capacity 34394K, committed 34688K, reserved 1079296K
  class space    used 4583K, capacity 4866K, committed 4992K, reserved 1048576K
}
Event: 5.058 GC heap before
{Heap before GC invocations=9 (full 1):
 PSYoungGen      total 143360K, used 23741K [0x000000078ab00000, 0x0000000799800000, 0x00000007c0000000)
  eden space 133120K, 10% used [0x000000078ab00000,0x000000078b835178,0x0000000792d00000)
  from space 10240K, 99% used [0x0000000792d00000,0x00000007936fa5b8,0x0000000793700000)
  to   space 14848K, 0% used [0x0000000798980000,0x0000000798980000,0x0000000799800000)
 ParOldGen       total 60416K, used 12291K [0x0000000720000000, 0x0000000723b00000, 0x000000078ab00000)
  object space 60416K, 20% used [0x0000000720000000,0x0000000720c00e08,0x0000000723b00000)
 Metaspace       used 34050K, capacity 35258K, committed 35456K, reserved 1079296K
  class space    used 4691K, capacity 4962K, committed 4992K, reserved 1048576K
Event: 5.075 GC heap after
Heap after GC invocations=9 (full 1):
 PSYoungGen      total 227328K, used 11048K [0x000000078ab00000, 0x000000079ac00000, 0x00000007c0000000)
  eden space 212480K, 0% used [0x000000078ab00000,0x000000078ab00000,0x0000000797a80000)
  from space 14848K, 74% used [0x0000000798980000,0x000000079944a310,0x0000000799800000)
  to   space 15360K, 0% used [0x0000000797a80000,0x0000000797a80000,0x0000000798980000)
 ParOldGen       total 60416K, used 12299K [0x0000000720000000, 0x0000000723b00000, 0x000000078ab00000)
  object space 60416K, 20% used [0x0000000720000000,0x0000000720c02e08,0x0000000723b00000)
 Metaspace       used 34050K, capacity 35258K, committed 35456K, reserved 1079296K
  class space    used 4691K, capacity 4962K, committed 4992K, reserved 1048576K
}
Event: 5.075 GC heap before
{Heap before GC invocations=10 (full 2):
 PSYoungGen      total 227328K, used 11048K [0x000000078ab00000, 0x000000079ac00000, 0x00000007c0000000)
  eden space 212480K, 0% used [0x000000078ab00000,0x000000078ab00000,0x0000000797a80000)
  from space 14848K, 74% used [0x0000000798980000,0x000000079944a310,0x0000000799800000)
  to   space 15360K, 0% used [0x0000000797a80000,0x0000000797a80000,0x0000000798980000)
 ParOldGen       total 60416K, used 12299K [0x0000000720000000, 0x0000000723b00000, 0x000000078ab00000)
  object space 60416K, 20% used [0x0000000720000000,0x0000000720c02e08,0x0000000723b00000)
 Metaspace       used 34050K, capacity 35258K, committed 35456K, reserved 1079296K
  class space    used 4691K, capacity 4962K, committed 4992K, reserved 1048576K
Event: 5.157 GC heap after
Heap after GC invocations=10 (full 2):
 PSYoungGen      total 227328K, used 0K [0x000000078ab00000, 0x000000079ac00000, 0x00000007c0000000)
  eden space 212480K, 0% used [0x000000078ab00000,0x000000078ab00000,0x0000000797a80000)
  from space 14848K, 0% used [0x0000000798980000,0x0000000798980000,0x0000000799800000)
  to   space 15360K, 0% used [0x0000000797a80000,0x0000000797a80000,0x0000000798980000)
 ParOldGen       total 92160K, used 18030K [0x0000000720000000, 0x0000000725a00000, 0x000000078ab00000)
  object space 92160K, 19% used [0x0000000720000000,0x000000072119ba58,0x0000000725a00000)
 Metaspace       used 34050K, capacity 35258K, committed 35456K, reserved 1079296K
  class space    used 4691K, capacity 4962K, committed 4992K, reserved 1048576K
}

