# JRE version: Java(TM) SE Runtime Environment (8.0_201-b09) (build 1.8.0_201-b09)
# Java VM: Java HotSpot(TM) 64-Bit Server VM (25.201-b09 mixed mode bsd-amd64 compressed oops)
Heap:
 PSYoungGen      total 145408K, used 18456K [0x000000078ab00000, 0x0000000799e00000, 0x00000007c0000000)
  eden space 135680K, 6% used [0x000000078ab00000,0x000000078b387f20,0x0000000792f80000)
  from space 9728K, 99% used [0x0000000792f80000,0x00000007938fe300,0x0000000793900000)
  to   space 14848K, 34% used [0x0000000798f80000,0x000000079947c030,0x0000000799e00000)
 ParOldGen       total 717312K, used 668795K [0x0000000720000000, 0x000000074bc80000, 0x000000078ab00000)
  object space 717312K, 93% used [0x0000000720000000,0x0000000748d1ed98,0x000000074bc80000)
 Metaspace       used 34044K, capacity 35262K, committed 35456K, reserved 1079296K
  class space    used 4691K, capacity 4962K, committed 4992K, reserved 1048576K
GC Heap History (10 events):
Event: 2.555 GC heap after
Heap after GC invocations=4 (full 0):
 PSYoungGen      total 88576K, used 5605K [0x000000078ab00000, 0x0000000790800000, 0x00000007c0000000)
  eden space 81920K, 0% used [0x000000078ab00000,0x000000078ab00000,0x000000078fb00000)
  from space 6656K, 84% used [0x0000000790180000,0x00000007906f95b0,0x0000000790800000)
  to   space 6656K, 0% used [0x000000078fb00000,0x000000078fb00000,0x0000000790180000)
 ParOldGen       total 109568K, used 1981K [0x0000000720000000, 0x0000000726b00000, 0x000000078ab00000)
  object space 109568K, 1% used [0x0000000720000000,0x00000007201ef5d0,0x0000000726b00000)
 Metaspace       used 20561K, capacity 21188K, committed 21296K, reserved 1067008K
  class space    used 2740K, capacity 2919K, committed 2944K, reserved 1048576K
}
Event: 2.555 GC heap before
{Heap before GC invocations=5 (full 1):
 PSYoungGen      total 88576K, used 5605K [0x000000078ab00000, 0x0000000790800000, 0x00000007c0000000)
  eden space 81920K, 0% used [0x000000078ab00000,0x000000078ab00000,0x000000078fb00000)
  from space 6656K, 84% used [0x0000000790180000,0x00000007906f95b0,0x0000000790800000)
  to   space 6656K, 0% used [0x000000078fb00000,0x000000078fb00000,0x0000000790180000)
 ParOldGen       total 109568K, used 1981K [0x0000000720000000, 0x0000000726b00000, 0x000000078ab00000)
  object space 109568K, 1% used [0x0000000720000000,0x00000007201ef5d0,0x0000000726b00000)
 Metaspace       used 20561K, capacity 21188K, committed 21296K, reserved 1067008K
  class space    used 2740K, capacity 2919K, committed 2944K, reserved 1048576K
Event: 2.602 GC heap after
Heap after GC invocations=5 (full 1):
 PSYoungGen      total 88576K, used 0K [0x000000078ab00000, 0x0000000790800000, 0x00000007c0000000)
  eden space 81920K, 0% used [0x000000078ab00000,0x000000078ab00000,0x000000078fb00000)
  from space 6656K, 0% used [0x0000000790180000,0x0000000790180000,0x0000000790800000)
  to   space 6656K, 0% used [0x000000078fb00000,0x000000078fb00000,0x0000000790180000)
 ParOldGen       total 60416K, used 5470K [0x0000000720000000, 0x0000000723b00000, 0x000000078ab00000)
  object space 60416K, 9% used [0x0000000720000000,0x0000000720557b98,0x0000000723b00000)
 Metaspace       used 20561K, capacity 21188K, committed 21296K, reserved 1067008K
  class space    used 2740K, capacity 2919K, committed 2944K, reserved 1048576K
}
Event: 3.036 GC heap before
{Heap before GC invocations=6 (full 1):
 PSYoungGen      total 88576K, used 81920K [0x000000078ab00000, 0x0000000790800000, 0x00000007c0000000)
  eden space 81920K, 100% used [0x000000078ab00000,0x000000078fb00000,0x000000078fb00000)
  from space 6656K, 0% used [0x0000000790180000,0x0000000790180000,0x0000000790800000)
  to   space 6656K, 0% used [0x000000078fb00000,0x000000078fb00000,0x0000000790180000)
 ParOldGen       total 60416K, used 5470K [0x0000000720000000, 0x0000000723b00000, 0x000000078ab00000)
  object space 60416K, 9% used [0x0000000720000000,0x0000000720557b98,0x0000000723b00000)
 Metaspace       used 22835K, capacity 23588K, committed 23808K, reserved 1069056K
  class space    used 3057K, capacity 3245K, committed 3328K, reserved 1048576K
Event: 3.042 GC heap after
Heap after GC invocations=6 (full 1):
 PSYoungGen      total 88576K, used 5334K [0x000000078ab00000, 0x0000000794300000, 0x00000007c0000000)
  eden space 81920K, 0% used [0x000000078ab00000,0x000000078ab00000,0x000000078fb00000)
  from space 6656K, 80% used [0x000000078fb00000,0x0000000790035bf0,0x0000000790180000)
  to   space 9216K, 0% used [0x0000000793a00000,0x0000000793a00000,0x0000000794300000)
 ParOldGen       total 60416K, used 5542K [0x0000000720000000, 0x0000000723b00000, 0x000000078ab00000)
  object space 60416K, 9% used [0x0000000720000000,0x0000000720569ba8,0x0000000723b00000)
 Metaspace       used 22835K, capacity 23588K, committed 23808K, reserved 1069056K
  class space    used 3057K, capacity 3245K, committed 3328K, reserved 1048576K
}
Event: 3.631 GC heap before
{Heap before GC invocations=7 (full 1):
 PSYoungGen      total 88576K, used 87254K [0x000000078ab00000, 0x0000000794300000, 0x00000007c0000000)
  eden space 81920K, 100% used [0x000000078ab00000,0x000000078fb00000,0x000000078fb00000)
  from space 6656K, 80% used [0x000000078fb00000,0x0000000790035bf0,0x0000000790180000)
  to   space 9216K, 0% used [0x0000000793a00000,0x0000000793a00000,0x0000000794300000)
 ParOldGen       total 60416K, used 5542K [0x0000000720000000, 0x0000000723b00000, 0x000000078ab00000)
  object space 60416K, 9% used [0x0000000720000000,0x0000000720569ba8,0x0000000723b00000)
 Metaspace       used 26142K, capacity 27102K, committed 27392K, reserved 1073152K
  class space    used 3537K, capacity 3780K, committed 3840K, reserved 1048576K
Event: 3.641 GC heap after
Heap after GC invocations=7 (full 1):
 PSYoungGen      total 143360K, used 8487K [0x000000078ab00000, 0x0000000794280000, 0x00000007c0000000)
  eden space 134656K, 0% used [0x000000078ab00000,0x000000078ab00000,0x0000000792e80000)
  from space 8704K, 97% used [0x0000000793a00000,0x0000000794249db0,0x0000000794280000)
  to   space 9728K, 0% used [0x0000000792f80000,0x0000000792f80000,0x0000000793900000)
 ParOldGen       total 60416K, used 5550K [0x0000000720000000, 0x0000000723b00000, 0x000000078ab00000)
  object space 60416K, 9% used [0x0000000720000000,0x000000072056bba8,0x0000000723b00000)
 Metaspace       used 26142K, capacity 27102K, committed 27392K, reserved 1073152K
  class space    used 3537K, capacity 3780K, committed 3840K, reserved 1048576K
}
Event: 4.445 GC heap before
{Heap before GC invocations=8 (full 1):
 PSYoungGen      total 143360K, used 143143K [0x000000078ab00000, 0x0000000794280000, 0x00000007c0000000)
  eden space 134656K, 100% used [0x000000078ab00000,0x0000000792e80000,0x0000000792e80000)
  from space 8704K, 97% used [0x0000000793a00000,0x0000000794249db0,0x0000000794280000)
  to   space 9728K, 0% used [0x0000000792f80000,0x0000000792f80000,0x0000000793900000)
 ParOldGen       total 60416K, used 5550K [0x0000000720000000, 0x0000000723b00000, 0x000000078ab00000)
  object space 60416K, 9% used [0x0000000720000000,0x000000072056bba8,0x0000000723b00000)
 Metaspace       used 33604K, capacity 34846K, committed 35200K, reserved 1079296K
  class space    used 4653K, capacity 4930K, committed 4992K, reserved 1048576K
Event: 4.466 GC heap after
Heap after GC invocations=8 (full 1):
 PSYoungGen      total 145408K, used 9720K [0x000000078ab00000, 0x0000000799e00000, 0x00000007c0000000)
  eden space 135680K, 0% used [0x000000078ab00000,0x000000078ab00000,0x0000000792f80000)
  from space 9728K, 99% used [0x0000000792f80000,0x00000007938fe300,0x0000000793900000)
  to   space 14848K, 0% used [0x0000000798f80000,0x0000000798f80000,0x0000000799e00000)
 ParOldGen       total 60416K, used 13435K [0x0000000720000000, 0x0000000723b00000, 0x000000078ab00000)
  object space 60416K, 22% used [0x0000000720000000,0x0000000720d1ed18,0x0000000723b00000)
 Metaspace       used 33604K, capacity 34846K, committed 35200K, reserved 1079296K
  class space    used 4653K, capacity 4930K, committed 4992K, reserved 1048576K
}
Event: 4.489 GC heap before
{Heap before GC invocations=9 (full 1):
 PSYoungGen      total 145408K, used 18456K [0x000000078ab00000, 0x0000000799e00000, 0x00000007c0000000)
  eden space 135680K, 6% used [0x000000078ab00000,0x000000078b387f20,0x0000000792f80000)
  from space 9728K, 99% used [0x0000000792f80000,0x00000007938fe300,0x0000000793900000)
  to   space 14848K, 0% used [0x0000000798f80000,0x0000000798f80000,0x0000000799e00000)
 ParOldGen       total 60416K, used 13435K [0x0000000720000000, 0x0000000723b00000, 0x000000078ab00000)
  object space 60416K, 22% used [0x0000000720000000,0x0000000720d1ed18,0x0000000723b00000)
 Metaspace       used 34044K, capacity 35262K, committed 35456K, reserved 1079296K
  class space    used 4691K, capacity 4962K, committed 4992K, reserved 1048576K

